dancing... 0000-348
[
  [ col[0,0], col[0,1], col[0,2] ],
  [ undefined, base[1,1], undefined ],
  [ base[2,0], undefined, undefined ],
  [ base[3,0], undefined, base[3,2] ],
  [ undefined, undefined, base[4,2] ]
]
get next: [0,0]
check next is head: false
next tap
mark row index: 2,find count: 1
mark row index: 3,find count: 2
drop item:
base[2,0]
drop item:
base[3,2]
drop item:
base[3,0]
drop item:
col[0,0]
next tap select count: 2
[
  [ out, col[0,1], col[0,2] ],
  [ undefined, base[1,1], undefined ],
  [ out, undefined, undefined ],
  [ out, undefined, out ],
  [ undefined, undefined, base[4,2] ]
]
try select 2
tap select 2 element col as same row
[ out ]
drop item:
out
dancing... 0000-348-350
[
  [ out, col[0,1], col[0,2] ],
  [ undefined, base[1,1], undefined ],
  [ out, undefined, undefined ],
  [ out, undefined, out ],
  [ undefined, undefined, base[4,2] ]
]
get next: [0,1]
check next is head: false
next tap
mark row index: 1,find count: 1
drop item:
base[1,1]
drop item:
col[0,1]
next tap select count: 1
[
  [ out, out, col[0,2] ],
  [ undefined, out, undefined ],
  [ out, undefined, undefined ],
  [ out, undefined, out ],
  [ undefined, undefined, base[4,2] ]
]
try select 1
tap select 1 element col as same row
[ out ]
drop item:
out
dancing... 0000-348-350-351
[
  [ out, out, col[0,2] ],
  [ undefined, out, undefined ],
  [ out, undefined, undefined ],
  [ out, undefined, out ],
  [ undefined, undefined, base[4,2] ]
]
get next: [0,2]
check next is head: false
next tap
mark row index: 4,find count: 1
drop item:
base[4,2]
drop item:
col[0,2]
next tap select count: 1
[
  [ out, out, out ],
  [ undefined, out, undefined ],
  [ out, undefined, undefined ],
  [ out, undefined, out ],
  [ undefined, undefined, out ]
]
try select 4
tap select 4 element col as same row
[ out ]
drop item:
out
dancing... 0000-348-350-351-351
[
  [ out, out, out ],
  [ undefined, out, undefined ],
  [ out, undefined, undefined ],
  [ out, undefined, out ],
  [ undefined, undefined, out ]
]
get next: [-1,-1]
check next is head: true
find plan: 2,1,4
dancing end 0000-348-350-351-351
redo: 2,1
redo: 
redo: 
try select 3
tap select 3 element col as same row
[ out, out ]
mark row index: 4,find count: 1
drop item:
base[4,2]
drop item:
out
mark row index: 2,find count: 1
mark row index: 3,find count: 1
drop item:
base[2,0]
drop item:
out
drop item:
out
dancing... 0000-348-351
[
  [ out, col[0,1], col[0,2] ],
  [ undefined, base[1,1], undefined ],
  [ out, undefined, undefined ],
  [ out, undefined, out ],
  [ undefined, undefined, out ]
]
get next: [0,1]
check next is head: false
next tap
mark row index: 1,find count: 1
drop item:
base[1,1]
drop item:
col[0,1]
next tap select count: 1
[
  [ out, out, col[0,2] ],
  [ undefined, out, undefined ],
  [ out, undefined, undefined ],
  [ out, undefined, out ],
  [ undefined, undefined, out ]
]
try select 1
tap select 1 element col as same row
[ out ]
drop item:
out
dancing... 0000-348-351-352
[
  [ out, out, col[0,2] ],
  [ undefined, out, undefined ],
  [ out, undefined, undefined ],
  [ out, undefined, out ],
  [ undefined, undefined, out ]
]
get next: [0,2]
check next is head: false
next tap
mark row index: 4,find count: 1
drop item:
out
drop item:
col[0,2]
next tap select count: 1
[
  [ out, out, out ],
  [ undefined, out, undefined ],
  [ out, undefined, undefined ],
  [ out, undefined, out ],
  [ undefined, undefined, out ]
]
try select 4
tap select 4 element col as same row
[ out ]
drop item:
out
dancing... 0000-348-351-352-352
[
  [ out, out, out ],
  [ undefined, out, undefined ],
  [ out, undefined, undefined ],
  [ out, undefined, out ],
  [ undefined, undefined, out ]
]
get next: [-1,-1]
check next is head: true
find plan: 3,1,4
dancing end 0000-348-351-352-352
redo: 3,1
redo: 
redo: 
